This file contains any messages produced by compilers while
running configure, to aid debugging if configure makes a mistake.

It was created by configure, which was
generated by GNU Autoconf 2.59.  Invocation command line was

  $ ./configure 

## --------- ##
## Platform. ##
## --------- ##

hostname = benlinhuodeMacBook-Pro.local
uname -m = x86_64
uname -r = 13.3.0
uname -s = Darwin
uname -v = Darwin Kernel Version 13.3.0: Tue Jun  3 21:27:35 PDT 2014; root:xnu-2422.110.17~1/RELEASE_X86_64

/usr/bin/uname -p = i386
/bin/uname -X     = unknown

/bin/arch              = unknown
/usr/bin/arch -k       = unknown
/usr/convex/getsysinfo = unknown
hostinfo               = Mach kernel version:
	 Darwin Kernel Version 13.3.0: Tue Jun  3 21:27:35 PDT 2014; root:xnu-2422.110.17~1/RELEASE_X86_64
Kernel configured for up to 4 processors.
2 processors are physically available.
4 processors are logically available.
Processor type: i486 (Intel 80486)
Processors active: 0 1 2 3
Primary memory available: 8.00 gigabytes
Default processor set: 365 tasks, 1958 threads, 4 processors
Load average: 6.26, Mach factor: 1.29
/bin/machine           = unknown
/usr/bin/oslevel       = unknown
/bin/universe          = unknown

PATH: /usr/bin
PATH: /bin
PATH: /usr/sbin
PATH: /sbin
PATH: /usr/local/bin
PATH: /opt/X11/bin


## ----------- ##
## Core tests. ##
## ----------- ##

configure:1547: checking for a BSD-compatible install
configure:1602: result: /usr/bin/install -c
configure:1613: checking whether build environment is sane
configure:1656: result: yes
configure:1721: checking for gawk
configure:1750: result: no
configure:1721: checking for mawk
configure:1750: result: no
configure:1721: checking for nawk
configure:1750: result: no
configure:1721: checking for awk
configure:1737: found /usr/bin/awk
configure:1747: result: awk
configure:1757: checking whether make sets $(MAKE)
configure:1777: result: yes
configure:1957: checking build system type
configure:1975: result: i686-apple-darwin13.3.0
configure:1983: checking host system type
configure:1997: result: i686-apple-darwin13.3.0
configure:2020: checking for style of include used by make
configure:2048: result: GNU
configure:2119: checking for gcc
configure:2135: found /usr/bin/gcc
configure:2145: result: gcc
configure:2389: checking for C compiler version
configure:2392: gcc --version </dev/null >&5
Configured with: --prefix=/Library/Developer/CommandLineTools/usr --with-gxx-include-dir=/usr/include/c++/4.2.1
Apple LLVM version 5.1 (clang-503.0.40) (based on LLVM 3.4svn)
Target: x86_64-apple-darwin13.3.0
Thread model: posix
configure:2395: $? = 0
configure:2397: gcc -v </dev/null >&5
Configured with: --prefix=/Library/Developer/CommandLineTools/usr --with-gxx-include-dir=/usr/include/c++/4.2.1
Apple LLVM version 5.1 (clang-503.0.40) (based on LLVM 3.4svn)
Target: x86_64-apple-darwin13.3.0
Thread model: posix
configure:2400: $? = 0
configure:2402: gcc -V </dev/null >&5
clang: error: argument to '-V' is missing (expected 1 value)
clang: error: no input files
configure:2405: $? = 1
configure:2428: checking for C compiler default output file name
configure:2431: gcc    conftest.c  >&5
configure:2434: $? = 0
configure:2480: result: a.out
configure:2485: checking whether the C compiler works
configure:2491: ./a.out
configure:2494: $? = 0
configure:2511: result: yes
configure:2518: checking whether we are cross compiling
configure:2520: result: no
configure:2523: checking for suffix of executables
configure:2525: gcc -o conftest    conftest.c  >&5
configure:2528: $? = 0
configure:2553: result: 
configure:2559: checking for suffix of object files
configure:2580: gcc -c   conftest.c >&5
configure:2583: $? = 0
configure:2605: result: o
configure:2609: checking whether we are using the GNU C compiler
configure:2633: gcc -c   conftest.c >&5
configure:2639: $? = 0
configure:2643: test -z 
			 || test ! -s conftest.err
configure:2646: $? = 0
configure:2649: test -s conftest.o
configure:2652: $? = 0
configure:2665: result: yes
configure:2671: checking whether gcc accepts -g
configure:2692: gcc -c -g  conftest.c >&5
configure:2698: $? = 0
configure:2702: test -z 
			 || test ! -s conftest.err
configure:2705: $? = 0
configure:2708: test -s conftest.o
configure:2711: $? = 0
configure:2722: result: yes
configure:2739: checking for gcc option to accept ANSI C
configure:2809: gcc  -c -g -O2  conftest.c >&5
configure:2815: $? = 0
configure:2819: test -z 
			 || test ! -s conftest.err
configure:2822: $? = 0
configure:2825: test -s conftest.o
configure:2828: $? = 0
configure:2846: result: none needed
configure:2864: gcc -c -g -O2  conftest.c >&5
conftest.c:2:3: error: unknown type name 'choke'
  choke me
  ^
conftest.c:2:11: error: expected ';' after top level declarator
  choke me
          ^
          ;
2 errors generated.
configure:2870: $? = 1
configure: failed program was:
| #ifndef __cplusplus
|   choke me
| #endif
configure:3005: checking dependency style of gcc
configure:3095: result: none
configure:3118: checking how to run the C preprocessor
configure:3153: gcc -E  conftest.c
configure:3159: $? = 0
configure:3191: gcc -E  conftest.c
conftest.c:11:10: fatal error: 'ac_nonexistent.h' file not found
#include <ac_nonexistent.h>
         ^
1 error generated.
configure:3197: $? = 1
configure: failed program was:
| /* confdefs.h.  */
| 
| #define PACKAGE_NAME ""
| #define PACKAGE_TARNAME ""
| #define PACKAGE_VERSION ""
| #define PACKAGE_STRING ""
| #define PACKAGE_BUGREPORT ""
| #define PACKAGE "siege"
| #define VERSION "2.72b1"
| /* end confdefs.h.  */
| #include <ac_nonexistent.h>
configure:3236: result: gcc -E
configure:3260: gcc -E  conftest.c
configure:3266: $? = 0
configure:3298: gcc -E  conftest.c
conftest.c:11:10: fatal error: 'ac_nonexistent.h' file not found
#include <ac_nonexistent.h>
         ^
1 error generated.
configure:3304: $? = 1
configure: failed program was:
| /* confdefs.h.  */
| 
| #define PACKAGE_NAME ""
| #define PACKAGE_TARNAME ""
| #define PACKAGE_VERSION ""
| #define PACKAGE_STRING ""
| #define PACKAGE_BUGREPORT ""
| #define PACKAGE "siege"
| #define VERSION "2.72b1"
| /* end confdefs.h.  */
| #include <ac_nonexistent.h>
configure:3348: checking for egrep
configure:3358: result: grep -E
configure:3364: checking for AIX
configure:3386: result: no
configure:3439: checking for gcc
configure:3465: result: gcc
configure:3709: checking for C compiler version
configure:3712: gcc --version </dev/null >&5
Configured with: --prefix=/Library/Developer/CommandLineTools/usr --with-gxx-include-dir=/usr/include/c++/4.2.1
Apple LLVM version 5.1 (clang-503.0.40) (based on LLVM 3.4svn)
Target: x86_64-apple-darwin13.3.0
Thread model: posix
configure:3715: $? = 0
configure:3717: gcc -v </dev/null >&5
Configured with: --prefix=/Library/Developer/CommandLineTools/usr --with-gxx-include-dir=/usr/include/c++/4.2.1
Apple LLVM version 5.1 (clang-503.0.40) (based on LLVM 3.4svn)
Target: x86_64-apple-darwin13.3.0
Thread model: posix
configure:3720: $? = 0
configure:3722: gcc -V </dev/null >&5
clang: error: argument to '-V' is missing (expected 1 value)
clang: error: no input files
configure:3725: $? = 1
configure:3728: checking whether we are using the GNU C compiler
configure:3784: result: yes
configure:3790: checking whether gcc accepts -g
configure:3841: result: yes
configure:3858: checking for gcc option to accept ANSI C
configure:3965: result: none needed
configure:3983: gcc -c -g -O2  conftest.c >&5
conftest.c:2:3: error: unknown type name 'choke'
  choke me
  ^
conftest.c:2:11: error: expected ';' after top level declarator
  choke me
          ^
          ;
2 errors generated.
configure:3989: $? = 1
configure: failed program was:
| #ifndef __cplusplus
|   choke me
| #endif
configure:4124: checking dependency style of gcc
configure:4214: result: none
configure:4304: checking for a sed that does not truncate output
configure:4360: result: /usr/bin/sed
configure:4374: checking for ld used by gcc
configure:4441: result: /Library/Developer/CommandLineTools/usr/bin/ld
configure:4450: checking if the linker (/Library/Developer/CommandLineTools/usr/bin/ld) is GNU ld
configure:4465: result: no
configure:4470: checking for /Library/Developer/CommandLineTools/usr/bin/ld option to reload object files
configure:4477: result: -r
configure:4495: checking for BSD-compatible nm
configure:4544: result: /usr/bin/nm
configure:4548: checking whether ln -s works
configure:4552: result: yes
configure:4559: checking how to recognise dependent libraries
configure:4735: result: pass_all
configure:4966: checking for ANSI C header files
configure:4991: gcc -c -g -O2  conftest.c >&5
configure:4997: $? = 0
configure:5001: test -z 
			 || test ! -s conftest.err
configure:5004: $? = 0
configure:5007: test -s conftest.o
configure:5010: $? = 0
configure:5099: gcc -o conftest -g -O2   conftest.c  >&5
conftest.c:28:7: warning: implicitly declaring library function 'exit' with type 'void (int) __attribute__((noreturn))'
      exit(2);
      ^
conftest.c:28:7: note: please include the header <stdlib.h> or explicitly provide a declaration for 'exit'
1 warning generated.
configure:5102: $? = 0
configure:5104: ./conftest
configure:5107: $? = 0
configure:5122: result: yes
configure:5146: checking for sys/types.h
configure:5162: gcc -c -g -O2  conftest.c >&5
configure:5168: $? = 0
configure:5172: test -z 
			 || test ! -s conftest.err
configure:5175: $? = 0
configure:5178: test -s conftest.o
configure:5181: $? = 0
configure:5192: result: yes
configure:5146: checking for sys/stat.h
configure:5162: gcc -c -g -O2  conftest.c >&5
configure:5168: $? = 0
configure:5172: test -z 
			 || test ! -s conftest.err
configure:5175: $? = 0
configure:5178: test -s conftest.o
configure:5181: $? = 0
configure:5192: result: yes
configure:5146: checking for stdlib.h
configure:5162: gcc -c -g -O2  conftest.c >&5
configure:5168: $? = 0
configure:5172: test -z 
			 || test ! -s conftest.err
configure:5175: $? = 0
configure:5178: test -s conftest.o
configure:5181: $? = 0
configure:5192: result: yes
configure:5146: checking for string.h
configure:5162: gcc -c -g -O2  conftest.c >&5
configure:5168: $? = 0
configure:5172: test -z 
			 || test ! -s conftest.err
configure:5175: $? = 0
configure:5178: test -s conftest.o
configure:5181: $? = 0
configure:5192: result: yes
configure:5146: checking for memory.h
configure:5162: gcc -c -g -O2  conftest.c >&5
configure:5168: $? = 0
configure:5172: test -z 
			 || test ! -s conftest.err
configure:5175: $? = 0
configure:5178: test -s conftest.o
configure:5181: $? = 0
configure:5192: result: yes
configure:5146: checking for strings.h
configure:5162: gcc -c -g -O2  conftest.c >&5
configure:5168: $? = 0
configure:5172: test -z 
			 || test ! -s conftest.err
configure:5175: $? = 0
configure:5178: test -s conftest.o
configure:5181: $? = 0
configure:5192: result: yes
configure:5146: checking for inttypes.h
configure:5162: gcc -c -g -O2  conftest.c >&5
configure:5168: $? = 0
configure:5172: test -z 
			 || test ! -s conftest.err
configure:5175: $? = 0
configure:5178: test -s conftest.o
configure:5181: $? = 0
configure:5192: result: yes
configure:5146: checking for stdint.h
configure:5162: gcc -c -g -O2  conftest.c >&5
configure:5168: $? = 0
configure:5172: test -z 
			 || test ! -s conftest.err
configure:5175: $? = 0
configure:5178: test -s conftest.o
configure:5181: $? = 0
configure:5192: result: yes
configure:5146: checking for unistd.h
configure:5162: gcc -c -g -O2  conftest.c >&5
configure:5168: $? = 0
configure:5172: test -z 
			 || test ! -s conftest.err
configure:5175: $? = 0
configure:5178: test -s conftest.o
configure:5181: $? = 0
configure:5192: result: yes
configure:5218: checking dlfcn.h usability
configure:5230: gcc -c -g -O2  conftest.c >&5
configure:5236: $? = 0
configure:5240: test -z 
			 || test ! -s conftest.err
configure:5243: $? = 0
configure:5246: test -s conftest.o
configure:5249: $? = 0
configure:5259: result: yes
configure:5263: checking dlfcn.h presence
configure:5273: gcc -E  conftest.c
configure:5279: $? = 0
configure:5299: result: yes
configure:5334: checking for dlfcn.h
configure:5341: result: yes
configure:5406: checking for g++
configure:5422: found /usr/bin/g++
configure:5432: result: g++
configure:5448: checking for C++ compiler version
configure:5451: g++ --version </dev/null >&5
Configured with: --prefix=/Library/Developer/CommandLineTools/usr --with-gxx-include-dir=/usr/include/c++/4.2.1
Apple LLVM version 5.1 (clang-503.0.40) (based on LLVM 3.4svn)
Target: x86_64-apple-darwin13.3.0
Thread model: posix
configure:5454: $? = 0
configure:5456: g++ -v </dev/null >&5
Configured with: --prefix=/Library/Developer/CommandLineTools/usr --with-gxx-include-dir=/usr/include/c++/4.2.1
Apple LLVM version 5.1 (clang-503.0.40) (based on LLVM 3.4svn)
Target: x86_64-apple-darwin13.3.0
Thread model: posix
configure:5459: $? = 0
configure:5461: g++ -V </dev/null >&5
clang: error: argument to '-V' is missing (expected 1 value)
clang: error: no input files
configure:5464: $? = 1
configure:5467: checking whether we are using the GNU C++ compiler
configure:5491: g++ -c   conftest.cc >&5
configure:5497: $? = 0
configure:5501: test -z 
			 || test ! -s conftest.err
configure:5504: $? = 0
configure:5507: test -s conftest.o
configure:5510: $? = 0
configure:5523: result: yes
configure:5529: checking whether g++ accepts -g
configure:5550: g++ -c -g  conftest.cc >&5
configure:5556: $? = 0
configure:5560: test -z 
			 || test ! -s conftest.err
configure:5563: $? = 0
configure:5566: test -s conftest.o
configure:5569: $? = 0
configure:5580: result: yes
configure:5622: g++ -c -g -O2  conftest.cc >&5
configure:5628: $? = 0
configure:5632: test -z 
			 || test ! -s conftest.err
configure:5635: $? = 0
configure:5638: test -s conftest.o
configure:5641: $? = 0
configure:5667: g++ -c -g -O2  conftest.cc >&5
conftest.cc:26:1: error: use of undeclared identifier 'exit'
exit (42);
^
1 error generated.
configure:5673: $? = 1
configure: failed program was:
| /* confdefs.h.  */
| 
| #define PACKAGE_NAME ""
| #define PACKAGE_TARNAME ""
| #define PACKAGE_VERSION ""
| #define PACKAGE_STRING ""
| #define PACKAGE_BUGREPORT ""
| #define PACKAGE "siege"
| #define VERSION "2.72b1"
| #define STDC_HEADERS 1
| #define HAVE_SYS_TYPES_H 1
| #define HAVE_SYS_STAT_H 1
| #define HAVE_STDLIB_H 1
| #define HAVE_STRING_H 1
| #define HAVE_MEMORY_H 1
| #define HAVE_STRINGS_H 1
| #define HAVE_INTTYPES_H 1
| #define HAVE_STDINT_H 1
| #define HAVE_UNISTD_H 1
| #define HAVE_DLFCN_H 1
| /* end confdefs.h.  */
| 
| int
| main ()
| {
| exit (42);
|   ;
|   return 0;
| }
configure:5622: g++ -c -g -O2  conftest.cc >&5
conftest.cc:22:17: error: use of undeclared identifier 'std'
extern "C" void std::exit (int) throw (); using std::exit;
                ^
conftest.cc:22:49: error: use of undeclared identifier 'std'
extern "C" void std::exit (int) throw (); using std::exit;
                                                ^
2 errors generated.
configure:5628: $? = 1
configure: failed program was:
| /* confdefs.h.  */
| 
| #define PACKAGE_NAME ""
| #define PACKAGE_TARNAME ""
| #define PACKAGE_VERSION ""
| #define PACKAGE_STRING ""
| #define PACKAGE_BUGREPORT ""
| #define PACKAGE "siege"
| #define VERSION "2.72b1"
| #define STDC_HEADERS 1
| #define HAVE_SYS_TYPES_H 1
| #define HAVE_SYS_STAT_H 1
| #define HAVE_STDLIB_H 1
| #define HAVE_STRING_H 1
| #define HAVE_MEMORY_H 1
| #define HAVE_STRINGS_H 1
| #define HAVE_INTTYPES_H 1
| #define HAVE_STDINT_H 1
| #define HAVE_UNISTD_H 1
| #define HAVE_DLFCN_H 1
| /* end confdefs.h.  */
| extern "C" void std::exit (int) throw (); using std::exit;
| #include <stdlib.h>
| int
| main ()
| {
| exit (42);
|   ;
|   return 0;
| }
configure:5622: g++ -c -g -O2  conftest.cc >&5
conftest.cc:22:17: error: use of undeclared identifier 'std'
extern "C" void std::exit (int); using std::exit;
                ^
conftest.cc:22:40: error: use of undeclared identifier 'std'
extern "C" void std::exit (int); using std::exit;
                                       ^
2 errors generated.
configure:5628: $? = 1
configure: failed program was:
| /* confdefs.h.  */
| 
| #define PACKAGE_NAME ""
| #define PACKAGE_TARNAME ""
| #define PACKAGE_VERSION ""
| #define PACKAGE_STRING ""
| #define PACKAGE_BUGREPORT ""
| #define PACKAGE "siege"
| #define VERSION "2.72b1"
| #define STDC_HEADERS 1
| #define HAVE_SYS_TYPES_H 1
| #define HAVE_SYS_STAT_H 1
| #define HAVE_STDLIB_H 1
| #define HAVE_STRING_H 1
| #define HAVE_MEMORY_H 1
| #define HAVE_STRINGS_H 1
| #define HAVE_INTTYPES_H 1
| #define HAVE_STDINT_H 1
| #define HAVE_UNISTD_H 1
| #define HAVE_DLFCN_H 1
| /* end confdefs.h.  */
| extern "C" void std::exit (int); using std::exit;
| #include <stdlib.h>
| int
| main ()
| {
| exit (42);
|   ;
|   return 0;
| }
configure:5622: g++ -c -g -O2  conftest.cc >&5
configure:5628: $? = 0
configure:5632: test -z 
			 || test ! -s conftest.err
configure:5635: $? = 0
configure:5638: test -s conftest.o
configure:5641: $? = 0
configure:5667: g++ -c -g -O2  conftest.cc >&5
configure:5673: $? = 0
configure:5677: test -z 
			 || test ! -s conftest.err
configure:5680: $? = 0
configure:5683: test -s conftest.o
configure:5686: $? = 0
configure:5711: checking dependency style of g++
configure:5801: result: none
configure:5828: checking how to run the C++ preprocessor
configure:5859: g++ -E  conftest.cc
configure:5865: $? = 0
configure:5897: g++ -E  conftest.cc
conftest.cc:25:10: fatal error: 'ac_nonexistent.h' file not found
#include <ac_nonexistent.h>
         ^
1 error generated.
configure:5903: $? = 1
configure: failed program was:
| /* confdefs.h.  */
| 
| #define PACKAGE_NAME ""
| #define PACKAGE_TARNAME ""
| #define PACKAGE_VERSION ""
| #define PACKAGE_STRING ""
| #define PACKAGE_BUGREPORT ""
| #define PACKAGE "siege"
| #define VERSION "2.72b1"
| #define STDC_HEADERS 1
| #define HAVE_SYS_TYPES_H 1
| #define HAVE_SYS_STAT_H 1
| #define HAVE_STDLIB_H 1
| #define HAVE_STRING_H 1
| #define HAVE_MEMORY_H 1
| #define HAVE_STRINGS_H 1
| #define HAVE_INTTYPES_H 1
| #define HAVE_STDINT_H 1
| #define HAVE_UNISTD_H 1
| #define HAVE_DLFCN_H 1
| #ifdef __cplusplus
| extern "C" void exit (int) throw ();
| #endif
| /* end confdefs.h.  */
| #include <ac_nonexistent.h>
configure:5942: result: g++ -E
configure:5966: g++ -E  conftest.cc
configure:5972: $? = 0
configure:6004: g++ -E  conftest.cc
conftest.cc:25:10: fatal error: 'ac_nonexistent.h' file not found
#include <ac_nonexistent.h>
         ^
1 error generated.
configure:6010: $? = 1
configure: failed program was:
| /* confdefs.h.  */
| 
| #define PACKAGE_NAME ""
| #define PACKAGE_TARNAME ""
| #define PACKAGE_VERSION ""
| #define PACKAGE_STRING ""
| #define PACKAGE_BUGREPORT ""
| #define PACKAGE "siege"
| #define VERSION "2.72b1"
| #define STDC_HEADERS 1
| #define HAVE_SYS_TYPES_H 1
| #define HAVE_SYS_STAT_H 1
| #define HAVE_STDLIB_H 1
| #define HAVE_STRING_H 1
| #define HAVE_MEMORY_H 1
| #define HAVE_STRINGS_H 1
| #define HAVE_INTTYPES_H 1
| #define HAVE_STDINT_H 1
| #define HAVE_UNISTD_H 1
| #define HAVE_DLFCN_H 1
| #ifdef __cplusplus
| extern "C" void exit (int) throw ();
| #endif
| /* end confdefs.h.  */
| #include <ac_nonexistent.h>
configure:6107: checking for g77
configure:6136: result: no
configure:6107: checking for f77
configure:6136: result: no
configure:6107: checking for xlf
configure:6136: result: no
configure:6107: checking for frt
configure:6136: result: no
configure:6107: checking for pgf77
configure:6136: result: no
configure:6107: checking for fort77
configure:6136: result: no
configure:6107: checking for fl32
configure:6136: result: no
configure:6107: checking for af77
configure:6136: result: no
configure:6107: checking for f90
configure:6136: result: no
configure:6107: checking for xlf90
configure:6136: result: no
configure:6107: checking for pgf90
configure:6136: result: no
configure:6107: checking for epcf90
configure:6136: result: no
configure:6107: checking for f95
configure:6136: result: no
configure:6107: checking for fort
configure:6136: result: no
configure:6107: checking for xlf95
configure:6136: result: no
configure:6107: checking for ifc
configure:6136: result: no
configure:6107: checking for efc
configure:6136: result: no
configure:6107: checking for pgf95
configure:6136: result: no
configure:6107: checking for lf95
configure:6136: result: no
configure:6107: checking for gfortran
configure:6136: result: no
configure:6148: checking for Fortran 77 compiler version
configure:6151:  --version </dev/null >&5
./configure: line 6152: --version: command not found
configure:6154: $? = 127
configure:6156:  -v </dev/null >&5
./configure: line 6157: -v: command not found
configure:6159: $? = 127
configure:6161:  -V </dev/null >&5
./configure: line 6162: -V: command not found
configure:6164: $? = 127
configure:6172: checking whether we are using the GNU Fortran 77 compiler
configure:6186:  -c  conftest.F >&5
./configure: line 6187: -c: command not found
configure:6192: $? = 127
configure: failed program was:
|       program main
| #ifndef __GNUC__
|        choke me
| #endif
| 
|       end
configure:6218: result: no
configure:6224: checking whether  accepts -g
configure:6236:  -c -g conftest.f >&5
./configure: line 6237: -c: command not found
configure:6242: $? = 127
configure: failed program was:
|       program main
| 
|       end
configure:6267: result: no
configure:6297: checking the maximum length of command line arguments
configure:6406: result: 196608
configure:6417: checking command to parse /usr/bin/nm output from gcc object
configure:6522: gcc -c -g -O2  conftest.c >&5
configure:6525: $? = 0
configure:6529: /usr/bin/nm conftest.o \| sed -n -e 's/^.*[ 	]\([BCDEGRST][BCDEGRST]*\)[ 	][ 	]*\([_A-Za-z][_A-Za-z0-9]*\)$/\1 \2 \2/p' \> conftest.nm
configure:6532: $? = 0
cannot find nm_test_var in conftest.nm
configure:6522: gcc -c -g -O2  conftest.c >&5
configure:6525: $? = 0
configure:6529: /usr/bin/nm conftest.o \| sed -n -e 's/^.*[ 	]\([BCDEGRST][BCDEGRST]*\)[ 	][ 	]*_\([_A-Za-z][_A-Za-z0-9]*\)$/\1 _\2 \2/p' \> conftest.nm
configure:6532: $? = 0
configure:6584: gcc -o conftest -g -O2   conftest.c conftstm.o >&5
configure:6587: $? = 0
configure:6625: result: ok
configure:6629: checking for objdir
configure:6644: result: .libs
configure:6734: checking for ar
configure:6750: found /usr/bin/ar
configure:6761: result: ar
configure:6814: checking for ranlib
configure:6830: found /usr/bin/ranlib
configure:6841: result: ranlib
configure:6894: checking for strip
configure:6910: found /usr/bin/strip
configure:6921: result: strip
configure:7197: checking if gcc supports -fno-rtti -fno-exceptions
configure:7215: gcc -c -g -O2  -fno-rtti -fno-exceptions conftest.c >&5
configure:7219: $? = 0
configure:7232: result: yes
configure:7247: checking for gcc option to produce PIC
configure:7457: result: -fno-common
configure:7465: checking if gcc PIC flag -fno-common works
configure:7483: gcc -c -g -O2  -fno-common -DPIC conftest.c >&5
configure:7487: $? = 0
configure:7500: result: yes
configure:7528: checking if gcc static flag -static works
configure:7556: result: no
configure:7566: checking if gcc supports -c -o file.o
configure:7587: gcc -c -g -O2  -o out/conftest2.o conftest.c >&5
configure:7591: $? = 0
configure:7613: result: yes
configure:7639: checking whether the gcc linker (/Library/Developer/CommandLineTools/usr/bin/ld) supports shared libraries
configure:8597: result: yes
configure:8664: checking dynamic linker characteristics
configure:9273: result: darwin13.3.0 dyld
configure:9282: checking how to hardcode library paths into programs
configure:9307: result: immediate
configure:9321: checking whether stripping libraries is possible
configure:9334: result: yes
configure:10160: checking if libtool supports shared libraries
configure:10162: result: yes
configure:10165: checking whether to build shared libraries
configure:10186: result: yes
configure:10189: checking whether to build static libraries
configure:10193: result: yes
configure:10285: creating libtool
configure:10876: checking for ld used by g++
configure:10943: result: /Library/Developer/CommandLineTools/usr/bin/ld
configure:10952: checking if the linker (/Library/Developer/CommandLineTools/usr/bin/ld) is GNU ld
configure:10967: result: no
configure:11018: checking whether the g++ linker (/Library/Developer/CommandLineTools/usr/bin/ld) supports shared libraries
configure:11956: result: yes
configure:11978: g++ -c -g -O2  conftest.cpp >&5
configure:11981: $? = 0
configure:12100: checking for g++ option to produce PIC
configure:12374: result: -fno-common
configure:12382: checking if g++ PIC flag -fno-common works
configure:12400: g++ -c -g -O2  -fno-common -DPIC conftest.cpp >&5
configure:12404: $? = 0
configure:12417: result: yes
configure:12445: checking if g++ static flag -static works
configure:12473: result: no
configure:12483: checking if g++ supports -c -o file.o
configure:12504: g++ -c -g -O2  -o out/conftest2.o conftest.cpp >&5
configure:12508: $? = 0
configure:12530: result: yes
configure:12556: checking whether the g++ linker (/Library/Developer/CommandLineTools/usr/bin/ld) supports shared libraries
configure:12581: result: yes
configure:12648: checking dynamic linker characteristics
configure:13257: result: darwin13.3.0 dyld
configure:13266: checking how to hardcode library paths into programs
configure:13291: result: immediate
configure:19502: checking for perl
configure:19520: found /usr/bin/perl
configure:19533: result: /usr/bin/perl
configure:19540: checking for a POSIX-compliant shell
configure:19576: result: /bin/sh
configure:19585: checking whether make sets $(MAKE)
configure:19605: result: yes
configure:19627: checking for a BSD-compatible install
configure:19682: result: /usr/bin/install -c
configure:19751: checking for buggy pthread mutex initializers
configure:19770: gcc -c -g -O2 -W -Wall -Werror  conftest.c >&5
configure:19776: $? = 0
configure:19780: test -z 
			 || test ! -s conftest.err
configure:19783: $? = 0
configure:19786: test -s conftest.o
configure:19789: $? = 0
configure:19802: result: no
configure:19813: checking for dlopen() in -ldld
configure:19833: gcc -o conftest -g -O2   conftest.c  -ldld >&5
ld: library not found for -ldld
clang: error: linker command failed with exit code 1 (use -v to see invocation)
configure:19839: $? = 1
configure: failed program was:
| /* confdefs.h.  */
| 
| #define PACKAGE_NAME ""
| #define PACKAGE_TARNAME ""
| #define PACKAGE_VERSION ""
| #define PACKAGE_STRING ""
| #define PACKAGE_BUGREPORT ""
| #define PACKAGE "siege"
| #define VERSION "2.72b1"
| #define STDC_HEADERS 1
| #define HAVE_SYS_TYPES_H 1
| #define HAVE_SYS_STAT_H 1
| #define HAVE_STDLIB_H 1
| #define HAVE_STRING_H 1
| #define HAVE_MEMORY_H 1
| #define HAVE_STRINGS_H 1
| #define HAVE_INTTYPES_H 1
| #define HAVE_STDINT_H 1
| #define HAVE_UNISTD_H 1
| #define HAVE_DLFCN_H 1
| #ifdef __cplusplus
| extern "C" void exit (int) throw ();
| #endif
| /* end confdefs.h.  */
| 
| int
| main ()
| {
|  extern void* dlopen(); dlopen();
|   ;
|   return 0;
| }
configure:19867: result: no
configure:19875: checking for dlopen() in -ldl
configure:19895: gcc -o conftest -g -O2   conftest.c  -ldl >&5
configure:19901: $? = 0
configure:19905: test -z 
			 || test ! -s conftest.err
configure:19908: $? = 0
configure:19911: test -s conftest
configure:19914: $? = 0
configure:19916: result: yes
configure:19956: result: checking for ssl support... yes
configure:19979: checking off/include/openssl/opensslv.h usability
configure:19991: gcc -c -g -O2  conftest.c >&5
conftest.c:59:10: fatal error: 'off/include/openssl/opensslv.h' file not found
#include <off/include/openssl/opensslv.h>
         ^
1 error generated.
configure:19997: $? = 1
configure: failed program was:
| /* confdefs.h.  */
| 
| #define PACKAGE_NAME ""
| #define PACKAGE_TARNAME ""
| #define PACKAGE_VERSION ""
| #define PACKAGE_STRING ""
| #define PACKAGE_BUGREPORT ""
| #define PACKAGE "siege"
| #define VERSION "2.72b1"
| #define STDC_HEADERS 1
| #define HAVE_SYS_TYPES_H 1
| #define HAVE_SYS_STAT_H 1
| #define HAVE_STDLIB_H 1
| #define HAVE_STRING_H 1
| #define HAVE_MEMORY_H 1
| #define HAVE_STRINGS_H 1
| #define HAVE_INTTYPES_H 1
| #define HAVE_STDINT_H 1
| #define HAVE_UNISTD_H 1
| #define HAVE_DLFCN_H 1
| #ifdef __cplusplus
| extern "C" void exit (int) throw ();
| #endif
| /* end confdefs.h.  */
| #include <stdio.h>
| #if HAVE_SYS_TYPES_H
| # include <sys/types.h>
| #endif
| #if HAVE_SYS_STAT_H
| # include <sys/stat.h>
| #endif
| #if STDC_HEADERS
| # include <stdlib.h>
| # include <stddef.h>
| #else
| # if HAVE_STDLIB_H
| #  include <stdlib.h>
| # endif
| #endif
| #if HAVE_STRING_H
| # if !STDC_HEADERS && HAVE_MEMORY_H
| #  include <memory.h>
| # endif
| # include <string.h>
| #endif
| #if HAVE_STRINGS_H
| # include <strings.h>
| #endif
| #if HAVE_INTTYPES_H
| # include <inttypes.h>
| #else
| # if HAVE_STDINT_H
| #  include <stdint.h>
| # endif
| #endif
| #if HAVE_UNISTD_H
| # include <unistd.h>
| #endif
| #include <off/include/openssl/opensslv.h>
configure:20020: result: no
configure:20024: checking off/include/openssl/opensslv.h presence
configure:20034: gcc -E  conftest.c
conftest.c:25:10: fatal error: 'off/include/openssl/opensslv.h' file not found
#include <off/include/openssl/opensslv.h>
         ^
1 error generated.
configure:20040: $? = 1
configure: failed program was:
| /* confdefs.h.  */
| 
| #define PACKAGE_NAME ""
| #define PACKAGE_TARNAME ""
| #define PACKAGE_VERSION ""
| #define PACKAGE_STRING ""
| #define PACKAGE_BUGREPORT ""
| #define PACKAGE "siege"
| #define VERSION "2.72b1"
| #define STDC_HEADERS 1
| #define HAVE_SYS_TYPES_H 1
| #define HAVE_SYS_STAT_H 1
| #define HAVE_STDLIB_H 1
| #define HAVE_STRING_H 1
| #define HAVE_MEMORY_H 1
| #define HAVE_STRINGS_H 1
| #define HAVE_INTTYPES_H 1
| #define HAVE_STDINT_H 1
| #define HAVE_UNISTD_H 1
| #define HAVE_DLFCN_H 1
| #ifdef __cplusplus
| extern "C" void exit (int) throw ();
| #endif
| /* end confdefs.h.  */
| #include <off/include/openssl/opensslv.h>
configure:20060: result: no
configure:20095: checking for off/include/openssl/opensslv.h
configure:20102: result: no
configure:20133: checking /usr/include/openssl/opensslv.h usability
configure:20145: gcc -c -g -O2  conftest.c >&5
configure:20151: $? = 0
configure:20155: test -z 
			 || test ! -s conftest.err
configure:20158: $? = 0
configure:20161: test -s conftest.o
configure:20164: $? = 0
configure:20174: result: yes
configure:20178: checking /usr/include/openssl/opensslv.h presence
configure:20188: gcc -E  conftest.c
configure:20194: $? = 0
configure:20214: result: yes
configure:20249: checking for /usr/include/openssl/opensslv.h
configure:20256: result: yes
configure:20276: checking for OpenSSL version
configure:20296: result: >= 0.9.8 (appropriate flag set)
configure:20367: checking for ANSI C header files
configure:20523: result: yes
configure:20533: checking for sys/wait.h that is POSIX.1 compatible
configure:20564: gcc -c -g -O2 -I/usr/include/openssl -I/usr/include conftest.c >&5
configure:20570: $? = 0
configure:20574: test -z 
			 || test ! -s conftest.err
configure:20577: $? = 0
configure:20580: test -s conftest.o
configure:20583: $? = 0
configure:20594: result: yes
configure:20618: checking fcntl.h usability
configure:20630: gcc -c -g -O2 -I/usr/include/openssl -I/usr/include conftest.c >&5
configure:20636: $? = 0
configure:20640: test -z 
			 || test ! -s conftest.err
configure:20643: $? = 0
configure:20646: test -s conftest.o
configure:20649: $? = 0
configure:20659: result: yes
configure:20663: checking fcntl.h presence
configure:20673: gcc -E -I/usr/include/openssl -I/usr/include conftest.c
configure:20679: $? = 0
configure:20699: result: yes
configure:20734: checking for fcntl.h
configure:20741: result: yes
configure:20759: checking for unistd.h
configure:20764: result: yes
configure:20918: checking signal.h usability
configure:20930: gcc -c -g -O2 -I/usr/include/openssl -I/usr/include conftest.c >&5
configure:20936: $? = 0
configure:20940: test -z 
			 || test ! -s conftest.err
configure:20943: $? = 0
configure:20946: test -s conftest.o
configure:20949: $? = 0
configure:20959: result: yes
configure:20963: checking signal.h presence
configure:20973: gcc -E -I/usr/include/openssl -I/usr/include conftest.c
configure:20979: $? = 0
configure:20999: result: yes
configure:21034: checking for signal.h
configure:21041: result: yes
configure:21068: checking sys/socket.h usability
configure:21080: gcc -c -g -O2 -I/usr/include/openssl -I/usr/include conftest.c >&5
configure:21086: $? = 0
configure:21090: test -z 
			 || test ! -s conftest.err
configure:21093: $? = 0
configure:21096: test -s conftest.o
configure:21099: $? = 0
configure:21109: result: yes
configure:21113: checking sys/socket.h presence
configure:21123: gcc -E -I/usr/include/openssl -I/usr/include conftest.c
configure:21129: $? = 0
configure:21149: result: yes
configure:21184: checking for sys/socket.h
configure:21191: result: yes
configure:21218: checking sys/select.h usability
configure:21230: gcc -c -g -O2 -I/usr/include/openssl -I/usr/include conftest.c >&5
configure:21236: $? = 0
configure:21240: test -z 
			 || test ! -s conftest.err
configure:21243: $? = 0
configure:21246: test -s conftest.o
configure:21249: $? = 0
configure:21259: result: yes
configure:21263: checking sys/select.h presence
configure:21273: gcc -E -I/usr/include/openssl -I/usr/include conftest.c
configure:21279: $? = 0
configure:21299: result: yes
configure:21334: checking for sys/select.h
configure:21341: result: yes
configure:21369: checking sys/time.h usability
configure:21381: gcc -c -g -O2 -I/usr/include/openssl -I/usr/include conftest.c >&5
configure:21387: $? = 0
configure:21391: test -z 
			 || test ! -s conftest.err
configure:21394: $? = 0
configure:21397: test -s conftest.o
configure:21400: $? = 0
configure:21410: result: yes
configure:21414: checking sys/time.h presence
configure:21424: gcc -E -I/usr/include/openssl -I/usr/include conftest.c
configure:21430: $? = 0
configure:21450: result: yes
configure:21485: checking for sys/time.h
configure:21492: result: yes
configure:21369: checking sys/times.h usability
configure:21381: gcc -c -g -O2 -I/usr/include/openssl -I/usr/include conftest.c >&5
configure:21387: $? = 0
configure:21391: test -z 
			 || test ! -s conftest.err
configure:21394: $? = 0
configure:21397: test -s conftest.o
configure:21400: $? = 0
configure:21410: result: yes
configure:21414: checking sys/times.h presence
configure:21424: gcc -E -I/usr/include/openssl -I/usr/include conftest.c
configure:21430: $? = 0
configure:21450: result: yes
configure:21485: checking for sys/times.h
configure:21492: result: yes
configure:21519: checking sys/resource.h usability
configure:21531: gcc -c -g -O2 -I/usr/include/openssl -I/usr/include conftest.c >&5
configure:21537: $? = 0
configure:21541: test -z 
			 || test ! -s conftest.err
configure:21544: $? = 0
configure:21547: test -s conftest.o
configure:21550: $? = 0
configure:21560: result: yes
configure:21564: checking sys/resource.h presence
configure:21574: gcc -E -I/usr/include/openssl -I/usr/include conftest.c
configure:21580: $? = 0
configure:21600: result: yes
configure:21635: checking for sys/resource.h
configure:21642: result: yes
configure:21669: checking errno.h usability
configure:21681: gcc -c -g -O2 -I/usr/include/openssl -I/usr/include conftest.c >&5
configure:21687: $? = 0
configure:21691: test -z 
			 || test ! -s conftest.err
configure:21694: $? = 0
configure:21697: test -s conftest.o
configure:21700: $? = 0
configure:21710: result: yes
configure:21714: checking errno.h presence
configure:21724: gcc -E -I/usr/include/openssl -I/usr/include conftest.c
configure:21730: $? = 0
configure:21750: result: yes
configure:21785: checking for errno.h
configure:21792: result: yes
configure:21819: checking arpa/inet.h usability
configure:21831: gcc -c -g -O2 -I/usr/include/openssl -I/usr/include conftest.c >&5
configure:21837: $? = 0
configure:21841: test -z 
			 || test ! -s conftest.err
configure:21844: $? = 0
configure:21847: test -s conftest.o
configure:21850: $? = 0
configure:21860: result: yes
configure:21864: checking arpa/inet.h presence
configure:21874: gcc -E -I/usr/include/openssl -I/usr/include conftest.c
configure:21880: $? = 0
configure:21900: result: yes
configure:21935: checking for arpa/inet.h
configure:21942: result: yes
configure:21969: checking netinet/in.h usability
configure:21981: gcc -c -g -O2 -I/usr/include/openssl -I/usr/include conftest.c >&5
configure:21987: $? = 0
configure:21991: test -z 
			 || test ! -s conftest.err
configure:21994: $? = 0
configure:21997: test -s conftest.o
configure:22000: $? = 0
configure:22010: result: yes
configure:22014: checking netinet/in.h presence
configure:22024: gcc -E -I/usr/include/openssl -I/usr/include conftest.c
configure:22030: $? = 0
configure:22050: result: yes
configure:22085: checking for netinet/in.h
configure:22092: result: yes
configure:22119: checking netdb.h usability
configure:22131: gcc -c -g -O2 -I/usr/include/openssl -I/usr/include conftest.c >&5
configure:22137: $? = 0
configure:22141: test -z 
			 || test ! -s conftest.err
configure:22144: $? = 0
configure:22147: test -s conftest.o
configure:22150: $? = 0
configure:22160: result: yes
configure:22164: checking netdb.h presence
configure:22174: gcc -E -I/usr/include/openssl -I/usr/include conftest.c
configure:22180: $? = 0
configure:22200: result: yes
configure:22235: checking for netdb.h
configure:22242: result: yes
configure:22269: checking pthread.h usability
configure:22281: gcc -c -g -O2 -I/usr/include/openssl -I/usr/include conftest.c >&5
configure:22287: $? = 0
configure:22291: test -z 
			 || test ! -s conftest.err
configure:22294: $? = 0
configure:22297: test -s conftest.o
configure:22300: $? = 0
configure:22310: result: yes
configure:22314: checking pthread.h presence
configure:22324: gcc -E -I/usr/include/openssl -I/usr/include conftest.c
configure:22330: $? = 0
configure:22350: result: yes
configure:22385: checking for pthread.h
configure:22392: result: yes
configure:22410: checking for string.h
configure:22415: result: yes
configure:22560: checking for strings.h
configure:22565: result: yes
configure:22719: checking sched.h usability
configure:22731: gcc -c -g -O2 -I/usr/include/openssl -I/usr/include conftest.c >&5
configure:22737: $? = 0
configure:22741: test -z 
			 || test ! -s conftest.err
configure:22744: $? = 0
configure:22747: test -s conftest.o
configure:22750: $? = 0
configure:22760: result: yes
configure:22764: checking sched.h presence
configure:22774: gcc -E -I/usr/include/openssl -I/usr/include conftest.c
configure:22780: $? = 0
configure:22800: result: yes
configure:22835: checking for sched.h
configure:22842: result: yes
configure:22869: checking openssl/e_os.h usability
configure:22881: gcc -c -g -O2 -I/usr/include/openssl -I/usr/include conftest.c >&5
conftest.c:79:10: fatal error: 'openssl/e_os.h' file not found
#include <openssl/e_os.h>
         ^
1 error generated.
configure:22887: $? = 1
configure: failed program was:
| /* confdefs.h.  */
| 
| #define PACKAGE_NAME ""
| #define PACKAGE_TARNAME ""
| #define PACKAGE_VERSION ""
| #define PACKAGE_STRING ""
| #define PACKAGE_BUGREPORT ""
| #define PACKAGE "siege"
| #define VERSION "2.72b1"
| #define STDC_HEADERS 1
| #define HAVE_SYS_TYPES_H 1
| #define HAVE_SYS_STAT_H 1
| #define HAVE_STDLIB_H 1
| #define HAVE_STRING_H 1
| #define HAVE_MEMORY_H 1
| #define HAVE_STRINGS_H 1
| #define HAVE_INTTYPES_H 1
| #define HAVE_STDINT_H 1
| #define HAVE_UNISTD_H 1
| #define HAVE_DLFCN_H 1
| #ifdef __cplusplus
| extern "C" void exit (int) throw ();
| #endif
| #define HAVE__USR_INCLUDE_OPENSSL_OPENSSLV_H 1
| #define HAVE_SSL 1
| #define STDC_HEADERS 1
| #define HAVE_SYS_WAIT_H 1
| #define HAVE_FCNTL_H 1
| #define HAVE_UNISTD_H 1
| #define HAVE_SIGNAL_H 1
| #define HAVE_SYS_SOCKET_H 1
| #define HAVE_SYS_SELECT_H 1
| #define HAVE_SYS_TIME_H 1
| #define HAVE_SYS_TIMES_H 1
| #define HAVE_SYS_RESOURCE_H 1
| #define HAVE_ERRNO_H 1
| #define HAVE_ARPA_INET_H 1
| #define HAVE_NETINET_IN_H 1
| #define HAVE_NETDB_H 1
| #define HAVE_PTHREAD_H 1
| #define HAVE_STRING_H 1
| #define HAVE_STRINGS_H 1
| #define HAVE_SCHED_H 1
| /* end confdefs.h.  */
| #include <stdio.h>
| #if HAVE_SYS_TYPES_H
| # include <sys/types.h>
| #endif
| #if HAVE_SYS_STAT_H
| # include <sys/stat.h>
| #endif
| #if STDC_HEADERS
| # include <stdlib.h>
| # include <stddef.h>
| #else
| # if HAVE_STDLIB_H
| #  include <stdlib.h>
| # endif
| #endif
| #if HAVE_STRING_H
| # if !STDC_HEADERS && HAVE_MEMORY_H
| #  include <memory.h>
| # endif
| # include <string.h>
| #endif
| #if HAVE_STRINGS_H
| # include <strings.h>
| #endif
| #if HAVE_INTTYPES_H
| # include <inttypes.h>
| #else
| # if HAVE_STDINT_H
| #  include <stdint.h>
| # endif
| #endif
| #if HAVE_UNISTD_H
| # include <unistd.h>
| #endif
| #include <openssl/e_os.h>
configure:22910: result: no
configure:22914: checking openssl/e_os.h presence
configure:22924: gcc -E -I/usr/include/openssl -I/usr/include conftest.c
conftest.c:45:10: fatal error: 'openssl/e_os.h' file not found
#include <openssl/e_os.h>
         ^
1 error generated.
configure:22930: $? = 1
configure: failed program was:
| /* confdefs.h.  */
| 
| #define PACKAGE_NAME ""
| #define PACKAGE_TARNAME ""
| #define PACKAGE_VERSION ""
| #define PACKAGE_STRING ""
| #define PACKAGE_BUGREPORT ""
| #define PACKAGE "siege"
| #define VERSION "2.72b1"
| #define STDC_HEADERS 1
| #define HAVE_SYS_TYPES_H 1
| #define HAVE_SYS_STAT_H 1
| #define HAVE_STDLIB_H 1
| #define HAVE_STRING_H 1
| #define HAVE_MEMORY_H 1
| #define HAVE_STRINGS_H 1
| #define HAVE_INTTYPES_H 1
| #define HAVE_STDINT_H 1
| #define HAVE_UNISTD_H 1
| #define HAVE_DLFCN_H 1
| #ifdef __cplusplus
| extern "C" void exit (int) throw ();
| #endif
| #define HAVE__USR_INCLUDE_OPENSSL_OPENSSLV_H 1
| #define HAVE_SSL 1
| #define STDC_HEADERS 1
| #define HAVE_SYS_WAIT_H 1
| #define HAVE_FCNTL_H 1
| #define HAVE_UNISTD_H 1
| #define HAVE_SIGNAL_H 1
| #define HAVE_SYS_SOCKET_H 1
| #define HAVE_SYS_SELECT_H 1
| #define HAVE_SYS_TIME_H 1
| #define HAVE_SYS_TIMES_H 1
| #define HAVE_SYS_RESOURCE_H 1
| #define HAVE_ERRNO_H 1
| #define HAVE_ARPA_INET_H 1
| #define HAVE_NETINET_IN_H 1
| #define HAVE_NETDB_H 1
| #define HAVE_PTHREAD_H 1
| #define HAVE_STRING_H 1
| #define HAVE_STRINGS_H 1
| #define HAVE_SCHED_H 1
| /* end confdefs.h.  */
| #include <openssl/e_os.h>
configure:22950: result: no
configure:22985: checking for openssl/e_os.h
configure:22992: result: no
configure:23019: checking openssl/e_os2.h usability
configure:23031: gcc -c -g -O2 -I/usr/include/openssl -I/usr/include conftest.c >&5
configure:23037: $? = 0
configure:23041: test -z 
			 || test ! -s conftest.err
configure:23044: $? = 0
configure:23047: test -s conftest.o
configure:23050: $? = 0
configure:23060: result: yes
configure:23064: checking openssl/e_os2.h presence
configure:23074: gcc -E -I/usr/include/openssl -I/usr/include conftest.c
configure:23080: $? = 0
configure:23100: result: yes
configure:23135: checking for openssl/e_os2.h
configure:23142: result: yes
configure:23156: checking for an ANSI C-conforming const
configure:23223: gcc -c -g -O2 -I/usr/include/openssl -I/usr/include conftest.c >&5
configure:23229: $? = 0
configure:23233: test -z 
			 || test ! -s conftest.err
configure:23236: $? = 0
configure:23239: test -s conftest.o
configure:23242: $? = 0
configure:23253: result: yes
configure:23263: checking for size_t
configure:23287: gcc -c -g -O2 -I/usr/include/openssl -I/usr/include conftest.c >&5
configure:23293: $? = 0
configure:23297: test -z 
			 || test ! -s conftest.err
configure:23300: $? = 0
configure:23303: test -s conftest.o
configure:23306: $? = 0
configure:23317: result: yes
configure:23329: checking whether time.h and sys/time.h may both be included
configure:23354: gcc -c -g -O2 -I/usr/include/openssl -I/usr/include conftest.c >&5
configure:23360: $? = 0
configure:23364: test -z 
			 || test ! -s conftest.err
configure:23367: $? = 0
configure:23370: test -s conftest.o
configure:23373: $? = 0
configure:23384: result: yes
configure:23395: checking return type of signal handlers
configure:23426: gcc -c -g -O2 -I/usr/include/openssl -I/usr/include conftest.c >&5
configure:23432: $? = 0
configure:23436: test -z 
			 || test ! -s conftest.err
configure:23439: $? = 0
configure:23442: test -s conftest.o
configure:23445: $? = 0
configure:23456: result: void
configure:23467: checking for working alloca.h
configure:23488: gcc -o conftest -g -O2 -I/usr/include/openssl -I/usr/include  conftest.c  >&5
configure:23494: $? = 0
configure:23498: test -z 
			 || test ! -s conftest.err
configure:23501: $? = 0
configure:23504: test -s conftest
configure:23507: $? = 0
configure:23519: result: yes
configure:23529: checking for alloca
configure:23570: gcc -o conftest -g -O2 -I/usr/include/openssl -I/usr/include  conftest.c  >&5
configure:23576: $? = 0
configure:23580: test -z 
			 || test ! -s conftest.err
configure:23583: $? = 0
configure:23586: test -s conftest
configure:23589: $? = 0
configure:23601: result: yes
configure:23832: checking for strchr
configure:23889: gcc -o conftest -g -O2 -I/usr/include/openssl -I/usr/include  conftest.c  >&5
conftest.c:74:6: warning: incompatible redeclaration of library function 'strchr' [-Wincompatible-library-redeclaration]
char strchr ();
     ^
conftest.c:74:6: note: 'strchr' is a builtin with type 'char *(const char *, int)'
1 warning generated.
configure:23895: $? = 0
configure:23899: test -z 
			 || test ! -s conftest.err
configure:23902: $? = 0
configure:23905: test -s conftest
configure:23908: $? = 0
configure:23920: result: yes
configure:23832: checking for memcpy
configure:23889: gcc -o conftest -g -O2 -I/usr/include/openssl -I/usr/include  conftest.c  >&5
conftest.c:75:6: warning: incompatible redeclaration of library function 'memcpy' [-Wincompatible-library-redeclaration]
char memcpy ();
     ^
conftest.c:75:6: note: 'memcpy' is a builtin with type 'void *(void *, const void *, unsigned long)'
1 warning generated.
configure:23895: $? = 0
configure:23899: test -z 
			 || test ! -s conftest.err
configure:23902: $? = 0
configure:23905: test -s conftest
configure:23908: $? = 0
configure:23920: result: yes
configure:23832: checking for strncpy
configure:23889: gcc -o conftest -g -O2 -I/usr/include/openssl -I/usr/include  conftest.c  >&5
conftest.c:76:6: warning: incompatible redeclaration of library function 'strncpy' [-Wincompatible-library-redeclaration]
char strncpy ();
     ^
conftest.c:76:6: note: 'strncpy' is a builtin with type 'char *(char *, const char *, unsigned long)'
1 warning generated.
configure:23895: $? = 0
configure:23899: test -z 
			 || test ! -s conftest.err
configure:23902: $? = 0
configure:23905: test -s conftest
configure:23908: $? = 0
configure:23920: result: yes
configure:23832: checking for strstr
configure:23889: gcc -o conftest -g -O2 -I/usr/include/openssl -I/usr/include  conftest.c  >&5
conftest.c:77:6: warning: incompatible redeclaration of library function 'strstr' [-Wincompatible-library-redeclaration]
char strstr ();
     ^
conftest.c:77:6: note: 'strstr' is a builtin with type 'char *(const char *, const char *)'
1 warning generated.
configure:23895: $? = 0
configure:23899: test -z 
			 || test ! -s conftest.err
configure:23902: $? = 0
configure:23905: test -s conftest
configure:23908: $? = 0
configure:23920: result: yes
configure:23832: checking for strlen
configure:23889: gcc -o conftest -g -O2 -I/usr/include/openssl -I/usr/include  conftest.c  >&5
conftest.c:78:6: warning: incompatible redeclaration of library function 'strlen' [-Wincompatible-library-redeclaration]
char strlen ();
     ^
conftest.c:78:6: note: 'strlen' is a builtin with type 'unsigned long (const char *)'
1 warning generated.
configure:23895: $? = 0
configure:23899: test -z 
			 || test ! -s conftest.err
configure:23902: $? = 0
configure:23905: test -s conftest
configure:23908: $? = 0
configure:23920: result: yes
configure:23935: checking for strncasecmp
configure:23992: gcc -o conftest -g -O2 -I/usr/include/openssl -I/usr/include  conftest.c  >&5
conftest.c:79:6: warning: incompatible redeclaration of library function 'strncasecmp' [-Wincompatible-library-redeclaration]
char strncasecmp ();
     ^
conftest.c:79:6: note: 'strncasecmp' is a builtin with type 'int (const char *, const char *, unsigned long)'
1 warning generated.
configure:23998: $? = 0
configure:24002: test -z 
			 || test ! -s conftest.err
configure:24005: $? = 0
configure:24008: test -s conftest
configure:24011: $? = 0
configure:24023: result: yes
configure:23935: checking for strncmp
configure:23992: gcc -o conftest -g -O2 -I/usr/include/openssl -I/usr/include  conftest.c  >&5
conftest.c:80:6: warning: incompatible redeclaration of library function 'strncmp' [-Wincompatible-library-redeclaration]
char strncmp ();
     ^
conftest.c:80:6: note: 'strncmp' is a builtin with type 'int (const char *, const char *, unsigned long)'
1 warning generated.
configure:23998: $? = 0
configure:24002: test -z 
			 || test ! -s conftest.err
configure:24005: $? = 0
configure:24008: test -s conftest
configure:24011: $? = 0
configure:24023: result: yes
configure:24037: checking for socket
configure:24094: gcc -o conftest -g -O2 -I/usr/include/openssl -I/usr/include  conftest.c  >&5
configure:24100: $? = 0
configure:24104: test -z 
			 || test ! -s conftest.err
configure:24107: $? = 0
configure:24110: test -s conftest
configure:24113: $? = 0
configure:24125: result: yes
configure:24214: checking for gethostbyname
configure:24271: gcc -o conftest -g -O2 -I/usr/include/openssl -I/usr/include  conftest.c  >&5
configure:24277: $? = 0
configure:24281: test -z 
			 || test ! -s conftest.err
configure:24284: $? = 0
configure:24287: test -s conftest
configure:24290: $? = 0
configure:24302: result: yes
configure:24391: checking for snprintf
configure:24448: gcc -o conftest -g -O2 -I/usr/include/openssl -I/usr/include  conftest.c  >&5
conftest.c:83:6: warning: incompatible redeclaration of library function 'snprintf' [-Wincompatible-library-redeclaration]
char snprintf ();
     ^
conftest.c:83:6: note: 'snprintf' is a builtin with type 'int (char *, unsigned long, const char *, ...)'
1 warning generated.
configure:24454: $? = 0
configure:24458: test -z 
			 || test ! -s conftest.err
configure:24461: $? = 0
configure:24464: test -s conftest
configure:24467: $? = 0
configure:24479: result: yes
configure:24493: checking for strdup
configure:24550: gcc -o conftest -g -O2 -I/usr/include/openssl -I/usr/include  conftest.c  >&5
conftest.c:84:6: warning: incompatible redeclaration of library function 'strdup' [-Wincompatible-library-redeclaration]
char strdup ();
     ^
conftest.c:84:6: note: 'strdup' is a builtin with type 'char *(const char *)'
1 warning generated.
configure:24556: $? = 0
configure:24560: test -z 
			 || test ! -s conftest.err
configure:24563: $? = 0
configure:24566: test -s conftest
configure:24569: $? = 0
configure:24581: result: yes
configure:24595: checking for rand_r
configure:24652: gcc -o conftest -g -O2 -I/usr/include/openssl -I/usr/include  conftest.c  >&5
configure:24658: $? = 0
configure:24662: test -z 
			 || test ! -s conftest.err
configure:24665: $? = 0
configure:24668: test -s conftest
configure:24671: $? = 0
configure:24683: result: yes
configure:24697: checking for localtime_r
configure:24754: gcc -o conftest -g -O2 -I/usr/include/openssl -I/usr/include  conftest.c  >&5
configure:24760: $? = 0
configure:24764: test -z 
			 || test ! -s conftest.err
configure:24767: $? = 0
configure:24770: test -s conftest
configure:24773: $? = 0
configure:24785: result: yes
configure:24799: checking for getipnodebyname
configure:24856: gcc -o conftest -g -O2 -I/usr/include/openssl -I/usr/include  conftest.c  >&5
configure:24862: $? = 0
configure:24866: test -z 
			 || test ! -s conftest.err
configure:24869: $? = 0
configure:24872: test -s conftest
configure:24875: $? = 0
configure:24887: result: yes
configure:24901: checking for freehostent
configure:24958: gcc -o conftest -g -O2 -I/usr/include/openssl -I/usr/include  conftest.c  >&5
configure:24964: $? = 0
configure:24968: test -z 
			 || test ! -s conftest.err
configure:24971: $? = 0
configure:24974: test -s conftest
configure:24977: $? = 0
configure:24989: result: yes
configure:25003: checking for getopt_long
configure:25060: gcc -o conftest -g -O2 -I/usr/include/openssl -I/usr/include  conftest.c  >&5
configure:25066: $? = 0
configure:25070: test -z 
			 || test ! -s conftest.err
configure:25073: $? = 0
configure:25076: test -s conftest
configure:25079: $? = 0
configure:25091: result: yes
configure:25103: checking for socket in -lsocket
configure:25133: gcc -o conftest -g -O2 -I/usr/include/openssl -I/usr/include  conftest.c -lsocket   >&5
ld: library not found for -lsocket
clang: error: linker command failed with exit code 1 (use -v to see invocation)
configure:25139: $? = 1
configure: failed program was:
| /* confdefs.h.  */
| 
| #define PACKAGE_NAME ""
| #define PACKAGE_TARNAME ""
| #define PACKAGE_VERSION ""
| #define PACKAGE_STRING ""
| #define PACKAGE_BUGREPORT ""
| #define PACKAGE "siege"
| #define VERSION "2.72b1"
| #define STDC_HEADERS 1
| #define HAVE_SYS_TYPES_H 1
| #define HAVE_SYS_STAT_H 1
| #define HAVE_STDLIB_H 1
| #define HAVE_STRING_H 1
| #define HAVE_MEMORY_H 1
| #define HAVE_STRINGS_H 1
| #define HAVE_INTTYPES_H 1
| #define HAVE_STDINT_H 1
| #define HAVE_UNISTD_H 1
| #define HAVE_DLFCN_H 1
| #ifdef __cplusplus
| extern "C" void exit (int) throw ();
| #endif
| #define HAVE__USR_INCLUDE_OPENSSL_OPENSSLV_H 1
| #define HAVE_SSL 1
| #define STDC_HEADERS 1
| #define HAVE_SYS_WAIT_H 1
| #define HAVE_FCNTL_H 1
| #define HAVE_UNISTD_H 1
| #define HAVE_SIGNAL_H 1
| #define HAVE_SYS_SOCKET_H 1
| #define HAVE_SYS_SELECT_H 1
| #define HAVE_SYS_TIME_H 1
| #define HAVE_SYS_TIMES_H 1
| #define HAVE_SYS_RESOURCE_H 1
| #define HAVE_ERRNO_H 1
| #define HAVE_ARPA_INET_H 1
| #define HAVE_NETINET_IN_H 1
| #define HAVE_NETDB_H 1
| #define HAVE_PTHREAD_H 1
| #define HAVE_STRING_H 1
| #define HAVE_STRINGS_H 1
| #define HAVE_SCHED_H 1
| #define HAVE_OPENSSL_E_OS2_H 1
| #define TIME_WITH_SYS_TIME 1
| #define RETSIGTYPE void
| #define HAVE_ALLOCA_H 1
| #define HAVE_ALLOCA 1
| #define HAVE_STRCHR 1
| #define HAVE_MEMCPY 1
| #define HAVE_STRNCPY 1
| #define HAVE_STRSTR 1
| #define HAVE_STRLEN 1
| #define HAVE_STRNCASECMP 1
| #define HAVE_STRNCMP 1
| #define HAVE_SOCKET 1
| #define HAVE_GETHOSTBYNAME 1
| #define HAVE_SNPRINTF 1
| #define HAVE_STRDUP 1
| #define HAVE_RAND_R 1
| #define HAVE_LOCALTIME_R 1
| #define HAVE_GETIPNODEBYNAME 1
| #define HAVE_FREEHOSTENT 1
| #define HAVE_GETOPT_LONG 1
| /* end confdefs.h.  */
| 
| /* Override any gcc2 internal prototype to avoid an error.  */
| #ifdef __cplusplus
| extern "C"
| #endif
| /* We use char because int might match the return type of a gcc2
|    builtin and then its argument prototype would still apply.  */
| char socket ();
| int
| main ()
| {
| socket ();
|   ;
|   return 0;
| }
configure:25165: result: no
configure:25181: checking for pthread_attr_init in -lpthread
configure:25211: gcc -o conftest -g -O2 -I/usr/include/openssl -I/usr/include  conftest.c -lpthread   >&5
configure:25217: $? = 0
configure:25221: test -z 
			 || test ! -s conftest.err
configure:25224: $? = 0
configure:25227: test -s conftest
configure:25230: $? = 0
configure:25243: result: yes
configure:25665: creating ./config.status

## ---------------------- ##
## Running config.status. ##
## ---------------------- ##

This file was extended by config.status, which was
generated by GNU Autoconf 2.59.  Invocation command line was

  CONFIG_FILES    = 
  CONFIG_HEADERS  = 
  CONFIG_LINKS    = 
  CONFIG_COMMANDS = 
  $ ./config.status 

on benlinhuodeMacBook-Pro.local

config.status:751: creating Makefile
config.status:751: creating src/Makefile
config.status:751: creating doc/Makefile
config.status:751: creating html/Makefile
config.status:751: creating lib/Makefile
config.status:751: creating lib/joedog/Makefile
config.status:751: creating include/Makefile
config.status:751: creating include/joedog/Makefile
config.status:751: creating utils/Makefile
config.status:855: creating include/config.h
config.status:1243: executing depfiles commands
config.status:1243: executing default-1 commands
config.status:1243: executing default-2 commands
config.status:1243: executing default-3 commands
config.status:1243: executing default-4 commands
config.status:1243: executing default-5 commands
config.status:1243: executing default-6 commands

## ---------------- ##
## Cache variables. ##
## ---------------- ##

ac_cv_build=i686-apple-darwin13.3.0
ac_cv_build_alias=i686-apple-darwin13.3.0
ac_cv_c_compiler_gnu=yes
ac_cv_c_const=yes
ac_cv_cxx_compiler_gnu=yes
ac_cv_env_CC_set=
ac_cv_env_CC_value=
ac_cv_env_CFLAGS_set=
ac_cv_env_CFLAGS_value=
ac_cv_env_CPPFLAGS_set=
ac_cv_env_CPPFLAGS_value=
ac_cv_env_CPP_set=
ac_cv_env_CPP_value=
ac_cv_env_CXXCPP_set=
ac_cv_env_CXXCPP_value=
ac_cv_env_CXXFLAGS_set=
ac_cv_env_CXXFLAGS_value=
ac_cv_env_CXX_set=
ac_cv_env_CXX_value=
ac_cv_env_F77_set=
ac_cv_env_F77_value=
ac_cv_env_FFLAGS_set=
ac_cv_env_FFLAGS_value=
ac_cv_env_LDFLAGS_set=
ac_cv_env_LDFLAGS_value=
ac_cv_env_build_alias_set=
ac_cv_env_build_alias_value=
ac_cv_env_host_alias_set=
ac_cv_env_host_alias_value=
ac_cv_env_target_alias_set=
ac_cv_env_target_alias_value=
ac_cv_exeext=
ac_cv_f77_compiler_gnu=no
ac_cv_func_alloca_works=yes
ac_cv_func_freehostent=yes
ac_cv_func_gethostbyname=yes
ac_cv_func_getipnodebyname=yes
ac_cv_func_getopt_long=yes
ac_cv_func_localtime_r=yes
ac_cv_func_memcpy=yes
ac_cv_func_rand_r=yes
ac_cv_func_snprintf=yes
ac_cv_func_socket=yes
ac_cv_func_strchr=yes
ac_cv_func_strdup=yes
ac_cv_func_strlen=yes
ac_cv_func_strncasecmp=yes
ac_cv_func_strncmp=yes
ac_cv_func_strncpy=yes
ac_cv_func_strstr=yes
ac_cv_header__usr_include_openssl_opensslv_h=yes
ac_cv_header_arpa_inet_h=yes
ac_cv_header_dlfcn_h=yes
ac_cv_header_errno_h=yes
ac_cv_header_fcntl_h=yes
ac_cv_header_inttypes_h=yes
ac_cv_header_memory_h=yes
ac_cv_header_netdb_h=yes
ac_cv_header_netinet_in_h=yes
ac_cv_header_off_include_openssl_opensslv_h=no
ac_cv_header_openssl_e_os2_h=yes
ac_cv_header_openssl_e_os_h=no
ac_cv_header_pthread_h=yes
ac_cv_header_sched_h=yes
ac_cv_header_signal_h=yes
ac_cv_header_stdc=yes
ac_cv_header_stdint_h=yes
ac_cv_header_stdlib_h=yes
ac_cv_header_string_h=yes
ac_cv_header_strings_h=yes
ac_cv_header_sys_resource_h=yes
ac_cv_header_sys_select_h=yes
ac_cv_header_sys_socket_h=yes
ac_cv_header_sys_stat_h=yes
ac_cv_header_sys_time_h=yes
ac_cv_header_sys_times_h=yes
ac_cv_header_sys_types_h=yes
ac_cv_header_sys_wait_h=yes
ac_cv_header_time=yes
ac_cv_header_unistd_h=yes
ac_cv_host=i686-apple-darwin13.3.0
ac_cv_host_alias=i686-apple-darwin13.3.0
ac_cv_lib_pthread_pthread_attr_init=yes
ac_cv_lib_socket_socket=no
ac_cv_objext=o
ac_cv_path_PERL=/usr/bin/perl
ac_cv_path_install='/usr/bin/install -c'
ac_cv_path_shell=/bin/sh
ac_cv_prog_AWK=awk
ac_cv_prog_CPP='gcc -E'
ac_cv_prog_CXXCPP='g++ -E'
ac_cv_prog_ac_ct_AR=ar
ac_cv_prog_ac_ct_CC=gcc
ac_cv_prog_ac_ct_CXX=g++
ac_cv_prog_ac_ct_RANLIB=ranlib
ac_cv_prog_ac_ct_STRIP=strip
ac_cv_prog_cc_g=yes
ac_cv_prog_cc_stdc=
ac_cv_prog_cxx_g=yes
ac_cv_prog_egrep='grep -E'
ac_cv_prog_f77_g=no
ac_cv_prog_make_make_set=yes
ac_cv_type_signal=void
ac_cv_type_size_t=yes
ac_cv_working_alloca_h=yes
am_cv_CC_dependencies_compiler_type=none
am_cv_CXX_dependencies_compiler_type=none
lt_cv_deplibs_check_method=pass_all
lt_cv_file_magic_cmd='$MAGIC_CMD'
lt_cv_file_magic_test_file=
lt_cv_ld_reload_flag=-r
lt_cv_objdir=.libs
lt_cv_path_LD=/Library/Developer/CommandLineTools/usr/bin/ld
lt_cv_path_LDCXX=/Library/Developer/CommandLineTools/usr/bin/ld
lt_cv_path_NM=/usr/bin/nm
lt_cv_path_SED=/usr/bin/sed
lt_cv_prog_compiler_c_o=yes
lt_cv_prog_compiler_c_o_CXX=yes
lt_cv_prog_compiler_pic_works=yes
lt_cv_prog_compiler_pic_works_CXX=yes
lt_cv_prog_compiler_rtti_exceptions=yes
lt_cv_prog_compiler_static_works=no
lt_cv_prog_compiler_static_works_CXX=no
lt_cv_prog_gnu_ld=no
lt_cv_prog_gnu_ldcxx=no
lt_cv_sys_global_symbol_pipe='sed -n -e '\''s/^.*[ 	]\([BCDEGRST][BCDEGRST]*\)[ 	][ 	]*_\([_A-Za-z][_A-Za-z0-9]*\)$/\1 _\2 \2/p'\'''
lt_cv_sys_global_symbol_to_c_name_address='sed -n -e '\''s/^: \([^ ]*\) $/  {\"\1\", (lt_ptr) 0},/p'\'' -e '\''s/^[BCDEGRST] \([^ ]*\) \([^ ]*\)$/  {"\2", (lt_ptr) \&\2},/p'\'''
lt_cv_sys_global_symbol_to_cdecl='sed -n -e '\''s/^. .* \(.*\)$/extern int \1;/p'\'''
lt_cv_sys_max_cmd_len=196608
lt_lt_cv_prog_compiler_c_o='"yes"'
lt_lt_cv_prog_compiler_c_o_CXX='"yes"'
lt_lt_cv_sys_global_symbol_pipe='"sed -n -e '\''s/^.*[ 	]\\([BCDEGRST][BCDEGRST]*\\)[ 	][ 	]*_\\([_A-Za-z][_A-Za-z0-9]*\\)\$/\\1 _\\2 \\2/p'\''"'
lt_lt_cv_sys_global_symbol_to_c_name_address='"sed -n -e '\''s/^: \\([^ ]*\\) \$/  {\\\"\\1\\\", (lt_ptr) 0},/p'\'' -e '\''s/^[BCDEGRST] \\([^ ]*\\) \\([^ ]*\\)\$/  {\"\\2\", (lt_ptr) \\&\\2},/p'\''"'
lt_lt_cv_sys_global_symbol_to_cdecl='"sed -n -e '\''s/^. .* \\(.*\\)\$/extern int \\1;/p'\''"'

## ----------------- ##
## Output variables. ##
## ----------------- ##

ACLOCAL='${SHELL} /Users/benlinhuo/local-nodeProject/nodejs-cluster/siege-2.72b1/utils/missing --run aclocal-1.9'
ALLOCA=''
AMDEPBACKSLASH='\'
AMDEP_FALSE='#'
AMDEP_TRUE=''
AMTAR='${SHELL} /Users/benlinhuo/local-nodeProject/nodejs-cluster/siege-2.72b1/utils/missing --run tar'
AR='ar'
AUTHOR='Jeffrey Fulmer, et al.'
AUTOCONF='${SHELL} /Users/benlinhuo/local-nodeProject/nodejs-cluster/siege-2.72b1/utils/missing --run autoconf'
AUTOHEADER='${SHELL} /Users/benlinhuo/local-nodeProject/nodejs-cluster/siege-2.72b1/utils/missing --run autoheader'
AUTOMAKE='${SHELL} /Users/benlinhuo/local-nodeProject/nodejs-cluster/siege-2.72b1/utils/missing --run automake-1.9'
AWK='awk'
CC='gcc'
CCDEPMODE='depmode=none'
CC_R=''
CFLAGS='-g -O2'
CPP='gcc -E'
CPPFLAGS='-I/usr/include/openssl -I/usr/include'
CXX='g++'
CXXCPP='g++ -E'
CXXDEPMODE='depmode=none'
CXXFLAGS='-g -O2'
CYGPATH_W='echo'
DATE='February-05-2015'
DEFS='-DHAVE_CONFIG_H'
DEPDIR='.deps'
ECHO='/bin/echo'
ECHO_C='ECHO_N=''
ECHO_T=''
EGREP='grep -E'
EMAIL='jeff@joedog.org'
EXEEXT=''
F77=''
FFLAGS=''
INSTALL_DATA='${INSTALL} -m 644'
INSTALL_PROGRAM='${INSTALL}'
INSTALL_SCRIPT='${INSTALL}'
INSTALL_STRIP_PROGRAM='${SHELL} $(install_sh) -c -s'
LDFLAGS=''
LDL='-ldl'
LIBOBJS=''
LIBS=''
LIBTOOL='$(SHELL) $(top_builddir)/libtool'
LN_S='ln -s'
LTLIBOBJS=''
MAKEINFO='${SHELL} /Users/benlinhuo/local-nodeProject/nodejs-cluster/siege-2.72b1/utils/missing --run makeinfo'
OBJEXT='o'
PACKAGE='siege'
PACKAGE_BUGREPORT=''
PACKAGE_NAME=''
PACKAGE_STRING=''
PACKAGE_TARNAME=''
PACKAGE_VERSION=''
PATH_SEPARATOR=':'
PERL='/usr/bin/perl'
PLATFORM='apple-i686-darwin13.3.0'
PROGRAM='siege'
PTHREAD_CFLAGS='-D_REENTRANT -D_POSIX_PTHREAD_SEMANTICS'
PTHREAD_LDFLAGS='-lpthread'
RANLIB='ranlib'
SED='/usr/bin/sed'
SET_MAKE=''
SHELL='/bin/sh'
SSL_CFLAGS='-DOPENSSL_NO_KRB5'
SSL_INCLUDE='-I/usr/include/openssl -I/usr/include'
SSL_LDFLAGS='-L/usr/lib'
SSL_LIBS='-ldl -lssl -lcrypto'
STRIP='strip'
VERSION='2.72b1'
WARN_CFLAGS='-W -Wall'
ac_ct_AR='ar'
ac_ct_CC='gcc'
ac_ct_CXX='g++'
ac_ct_F77=''
ac_ct_RANLIB='ranlib'
ac_ct_STRIP='strip'
am__fastdepCC_FALSE=''
am__fastdepCC_TRUE='#'
am__fastdepCXX_FALSE=''
am__fastdepCXX_TRUE='#'
am__include='include'
am__leading_dot='.'
am__quote=''
am__tar='${AMTAR} chof - "$$tardir"'
am__untar='${AMTAR} xf -'
bindir='${exec_prefix}/bin'
build='i686-apple-darwin13.3.0'
build_alias=''
build_cpu='i686'
build_os='darwin13.3.0'
build_vendor='apple'
datadir='${prefix}/share'
exec_prefix='${prefix}'
host='i686-apple-darwin13.3.0'
host_alias=''
host_cpu='i686'
host_os='darwin13.3.0'
host_vendor='apple'
includedir='${prefix}/include'
infodir='${prefix}/info'
install_sh='/Users/benlinhuo/local-nodeProject/nodejs-cluster/siege-2.72b1/utils/install-sh'
libdir='${exec_prefix}/lib'
libexecdir='${exec_prefix}/libexec'
localstatedir='${prefix}/var'
mandir='${prefix}/man'
mkdir_p='$(mkinstalldirs)'
oldincludedir='/usr/include'
prefix='/usr/local'
program_transform_name='s,x,x,'
sbindir='${exec_prefix}/sbin'
sharedstatedir='${prefix}/com'
sysconfdir='${prefix}/etc'
target_alias=''

## ----------- ##
## confdefs.h. ##
## ----------- ##

#define HAVE_ALLOCA 1
#define HAVE_ALLOCA_H 1
#define HAVE_ARPA_INET_H 1
#define HAVE_DLFCN_H 1
#define HAVE_ERRNO_H 1
#define HAVE_FCNTL_H 1
#define HAVE_FREEHOSTENT 1
#define HAVE_GETHOSTBYNAME 1
#define HAVE_GETIPNODEBYNAME 1
#define HAVE_GETOPT_LONG 1
#define HAVE_INTTYPES_H 1
#define HAVE_LOCALTIME_R 1
#define HAVE_MEMCPY 1
#define HAVE_MEMORY_H 1
#define HAVE_NETDB_H 1
#define HAVE_NETINET_IN_H 1
#define HAVE_OPENSSL_E_OS2_H 1
#define HAVE_PTHREAD_H 1
#define HAVE_RAND_R 1
#define HAVE_SCHED_H 1
#define HAVE_SIGNAL_H 1
#define HAVE_SNPRINTF 1
#define HAVE_SOCKET 1
#define HAVE_SSL 1
#define HAVE_STDINT_H 1
#define HAVE_STDLIB_H 1
#define HAVE_STRCHR 1
#define HAVE_STRDUP 1
#define HAVE_STRINGS_H 1
#define HAVE_STRINGS_H 1
#define HAVE_STRING_H 1
#define HAVE_STRING_H 1
#define HAVE_STRLEN 1
#define HAVE_STRNCASECMP 1
#define HAVE_STRNCMP 1
#define HAVE_STRNCPY 1
#define HAVE_STRSTR 1
#define HAVE_SYS_RESOURCE_H 1
#define HAVE_SYS_SELECT_H 1
#define HAVE_SYS_SOCKET_H 1
#define HAVE_SYS_STAT_H 1
#define HAVE_SYS_TIMES_H 1
#define HAVE_SYS_TIME_H 1
#define HAVE_SYS_TYPES_H 1
#define HAVE_SYS_WAIT_H 1
#define HAVE_UNISTD_H 1
#define HAVE_UNISTD_H 1
#define HAVE__USR_INCLUDE_OPENSSL_OPENSSLV_H 1
#define PACKAGE "siege"
#define PACKAGE_BUGREPORT ""
#define PACKAGE_NAME ""
#define PACKAGE_STRING ""
#define PACKAGE_TARNAME ""
#define PACKAGE_VERSION ""
#define RETSIGTYPE void
#define STDC_HEADERS 1
#define STDC_HEADERS 1
#define TIME_WITH_SYS_TIME 1
#define VERSION "2.72b1"
#endif
#ifdef __cplusplus
extern "C" void exit (int) throw ();

configure: exit 0
